Build started 2017/4/10 10:10:15.
     1>Project "F:\WorkSpace\Client\Main_dev_1.1\NewClient\new_client\frameworks\cocos2d-x\cocos\scripting\lua-bindings\proj.win32\libluacocos2d.vcxproj" on node 3 (Build target(s)).
     1>PreBuildEvent:
         if not exist "F:\WorkSpace\Client\Main_dev_1.1\NewClient\new_client\frameworks\runtime-src\proj.win32\Debug.win32\" mkdir "F:\WorkSpace\Client\Main_dev_1.1\NewClient\new_client\frameworks\runtime-src\proj.win32\Debug.win32\"
         xcopy /Y /Q "F:\WorkSpace\Client\Main_dev_1.1\NewClient\new_client\frameworks\cocos2d-x\cocos\scripting\lua-bindings\proj.win32\..\..\..\..\external\lua\luajit\prebuilt\win32\*.*" "F:\WorkSpace\Client\Main_dev_1.1\NewClient\new_client\frameworks\runtime-src\proj.win32\Debug.win32\"
         :VCEnd
         复制了 3 个文件
       ClCompile:
         E:\ProgramFiles\VS2013\VC\bin\CL.exe /c /I"F:\WorkSpace\Client\Main_dev_1.1\NewClient\new_client\frameworks\cocos2d-x\cocos\2d\..\..\\" /I"F:\WorkSpace\Client\Main_dev_1.1\NewClient\new_client\frameworks\cocos2d-x\cocos\2d\..\..\external" /I"F:\WorkSpace\Client\Main_dev_1.1\NewClient\new_client\frameworks\cocos2d-x\cocos\2d\..\..\external\lua" /I"F:\WorkSpace\Client\Main_dev_1.1\NewClient\new_client\frameworks\cocos2d-x\cocos\2d\..\..\external\lua\tolua" /I"F:\WorkSpace\Client\Main_dev_1.1\NewClient\new_client\frameworks\cocos2d-x\cocos\2d\..\..\external\lua\luajit\include" /I"F:\WorkSpace\Client\Main_dev_1.1\NewClient\new_client\frameworks\cocos2d-x\cocos\2d\..\..\external\libwebsockets\win32\include" /I"F:\WorkSpace\Client\Main_dev_1.1\NewClient\new_client\frameworks\cocos2d-x\cocos\2d\..\..\extensions" /I"F:\WorkSpace\Client\Main_dev_1.1\NewClient\new_client\frameworks\cocos2d-x\cocos\2d\..\..\cocos" /I"F:\WorkSpace\Client\Main_dev_1.1\NewClient\new_client\frameworks\cocos2d-x\cocos\2d\..\..\cocos/editor-support" /I"F:\WorkSpace\Client\Main_dev_1.1\NewClient\new_client\frameworks\cocos2d-x\cocos\2d\..\..\external\glfw3\include\win32" /I"F:\WorkSpace\Client\Main_dev_1.1\NewClient\new_client\frameworks\cocos2d-x\cocos\2d\..\..\external\win32-specific\gles\include\OGLES" /I"F:\WorkSpace\Client\Main_dev_1.1\NewClient\new_client\frameworks\cocos2d-x\cocos\2d\..\..\external\freetype2\include\win32\freetype2" /I"F:\WorkSpace\Client\Main_dev_1.1\NewClient\new_client\frameworks\cocos2d-x\cocos\2d\..\..\external\freetype2\include\win32\\" /I"F:\WorkSpace\Client\Main_dev_1.1\NewClient\new_client\frameworks\cocos2d-x\cocos\2d\..\..\external" /Z7 /nologo /W3 /WX- /MP /Od /Oy- /D WIN32 /D _WINDOWS /D _DEBUG /D COCOS2D_DEBUG=1 /D _CRT_SECURE_NO_WARNINGS /D _USRLUASTATIC /D _VARIADIC_MAX=10 /D _USING_V110_SDK71_ /D _UNICODE /D UNICODE /Gm- /EHsc /RTC1 /MDd /GS /fp:precise /Zc:wchar_t /Zc:forScope /Fo"Debug.win32\libluacocos2d\\" /Fd"Debug.win32\libluacocos2d\vc120.pdb" /Gd /TC /wd4800 /wd4267 /wd4251 /wd4244 /analyze- /errorReport:prompt ..\..\..\..\external\lua\luasocket\auxiliar.c ..\..\..\..\external\lua\luasocket\buffer.c ..\..\..\..\external\lua\luasocket\except.c ..\..\..\..\external\lua\luasocket\inet.c ..\..\..\..\external\lua\luasocket\io.c ..\..\..\..\external\lua\luasocket\luasocket.c ..\..\..\..\external\lua\luasocket\luasocket_scripts.c ..\..\..\..\external\lua\luasocket\mime.c ..\..\..\..\external\lua\luasocket\options.c ..\..\..\..\external\lua\luasocket\select.c ..\..\..\..\external\lua\luasocket\tcp.c ..\..\..\..\external\lua\luasocket\timeout.c ..\..\..\..\external\lua\luasocket\udp.c ..\..\..\..\external\lua\luasocket\wsocket.c ..\..\..\..\external\lua\tolua\tolua_event.c ..\..\..\..\external\lua\tolua\tolua_is.c ..\..\..\..\external\lua\tolua\tolua_map.c ..\..\..\..\external\lua\tolua\tolua_push.c ..\..\..\..\external\lua\tolua\tolua_to.c ..\manual\network\lua_extensions.c
         auxiliar.c
         buffer.c
         except.c
         inet.c
         io.c
         luasocket.c
         luasocket_scripts.c
         mime.c
         options.c
         select.c
         tcp.c
         timeout.c
         udp.c
         wsocket.c
     1>..\..\..\..\external\lua\luasocket\inet.c(254): warning C4133: 'function' : incompatible types - from 'WCHAR *' to 'const char *'
     1>..\..\..\..\external\lua\luasocket\inet.c(288): warning C4133: 'function' : incompatible types - from 'WCHAR *' to 'const char *'
         tolua_event.c
         tolua_is.c
         tolua_map.c
         tolua_push.c
     1>..\..\..\..\external\lua\luasocket\udp.c(181): warning C4133: 'function' : incompatible types - from 'WCHAR *' to 'const char *'
     1>..\..\..\..\external\lua\luasocket\udp.c(251): warning C4133: 'function' : incompatible types - from 'WCHAR *' to 'const char *'
     1>..\..\..\..\external\lua\luasocket\wsocket.c(431): warning C4133: 'return' : incompatible types - from 'WCHAR *' to 'const char *'
         tolua_to.c
         lua_extensions.c
         E:\ProgramFiles\VS2013\VC\bin\CL.exe /c /I"F:\WorkSpace\Client\Main_dev_1.1\NewClient\new_client\frameworks\cocos2d-x\cocos\2d\..\..\\" /I"F:\WorkSpace\Client\Main_dev_1.1\NewClient\new_client\frameworks\cocos2d-x\cocos\2d\..\..\external" /I"F:\WorkSpace\Client\Main_dev_1.1\NewClient\new_client\frameworks\cocos2d-x\cocos\2d\..\..\external\lua" /I"F:\WorkSpace\Client\Main_dev_1.1\NewClient\new_client\frameworks\cocos2d-x\cocos\2d\..\..\external\lua\tolua" /I"F:\WorkSpace\Client\Main_dev_1.1\NewClient\new_client\frameworks\cocos2d-x\cocos\2d\..\..\external\lua\luajit\include" /I"F:\WorkSpace\Client\Main_dev_1.1\NewClient\new_client\frameworks\cocos2d-x\cocos\2d\..\..\external\libwebsockets\win32\include" /I"F:\WorkSpace\Client\Main_dev_1.1\NewClient\new_client\frameworks\cocos2d-x\cocos\2d\..\..\extensions" /I"F:\WorkSpace\Client\Main_dev_1.1\NewClient\new_client\frameworks\cocos2d-x\cocos\2d\..\..\cocos" /I"F:\WorkSpace\Client\Main_dev_1.1\NewClient\new_client\frameworks\cocos2d-x\cocos\2d\..\..\cocos/editor-support" /I"F:\WorkSpace\Client\Main_dev_1.1\NewClient\new_client\frameworks\cocos2d-x\cocos\2d\..\..\external\glfw3\include\win32" /I"F:\WorkSpace\Client\Main_dev_1.1\NewClient\new_client\frameworks\cocos2d-x\cocos\2d\..\..\external\win32-specific\gles\include\OGLES" /I"F:\WorkSpace\Client\Main_dev_1.1\NewClient\new_client\frameworks\cocos2d-x\cocos\2d\..\..\external\freetype2\include\win32\freetype2" /I"F:\WorkSpace\Client\Main_dev_1.1\NewClient\new_client\frameworks\cocos2d-x\cocos\2d\..\..\external\freetype2\include\win32\\" /I"F:\WorkSpace\Client\Main_dev_1.1\NewClient\new_client\frameworks\cocos2d-x\cocos\2d\..\..\external" /Z7 /nologo /W3 /WX- /MP /Od /Oy- /D WIN32 /D _WINDOWS /D _DEBUG /D COCOS2D_DEBUG=1 /D _CRT_SECURE_NO_WARNINGS /D _USRLUASTATIC /D _VARIADIC_MAX=10 /D _USING_V110_SDK71_ /D _UNICODE /D UNICODE /Gm- /EHsc /RTC1 /MDd /GS /fp:precise /Zc:wchar_t /Zc:forScope /Fo"Debug.win32\libluacocos2d\\" /Fd"Debug.win32\libluacocos2d\vc120.pdb" /Gd /TP /wd4800 /wd4267 /wd4251 /wd4244 /analyze- /errorReport:prompt ..\auto\lua_cocos2dx_3d_auto.cpp ..\auto\lua_cocos2dx_audioengine_auto.cpp ..\auto\lua_cocos2dx_auto.cpp ..\auto\lua_cocos2dx_cocosbuilder_auto.cpp ..\auto\lua_cocos2dx_cocosdenshion_auto.cpp ..\auto\lua_cocos2dx_csloader_auto.cpp ..\auto\lua_cocos2dx_experimental_auto.cpp ..\auto\lua_cocos2dx_experimental_video_auto.cpp ..\auto\lua_cocos2dx_experimental_webview_auto.cpp ..\auto\lua_cocos2dx_extension_auto.cpp ..\auto\lua_cocos2dx_navmesh_auto.cpp ..\auto\lua_cocos2dx_physics3d_auto.cpp ..\auto\lua_cocos2dx_physics_auto.cpp ..\auto\lua_cocos2dx_spine_auto.cpp ..\auto\lua_cocos2dx_studio_auto.cpp ..\auto\lua_cocos2dx_ui_auto.cpp ..\manual\3d\lua_cocos2dx_3d_manual.cpp ..\manual\CCComponentLua.cpp ..\manual\CCLuaBridge.cpp ..\manual\CCLuaEngine.cpp ..\manual\CCLuaStack.cpp ..\manual\CCLuaValue.cpp ..\manual\Cocos2dxLuaLoader.cpp ..\manual\LuaBasicConversions.cpp ..\manual\audioengine\lua_cocos2dx_audioengine_manual.cpp ..\manual\cocos2d\LuaOpengl.cpp ..\manual\cocos2d\LuaScriptHandlerMgr.cpp ..\manual\cocos2d\lua_cocos2dx_deprecated.cpp ..\manual\cocos2d\lua_cocos2dx_experimental_manual.cpp ..\manual\cocos2d\lua_cocos2dx_manual.cpp ..\manual\cocos2d\lua_cocos2dx_physics_manual.cpp ..\manual\cocosbuilder\CCBProxy.cpp ..\manual\cocosbuilder\lua_cocos2dx_cocosbuilder_manual.cpp ..\manual\cocosdenshion\lua_cocos2dx_cocosdenshion_manual.cpp ..\manual\cocostudio\CustomGUIReader.cpp "..\manual\cocostudio\lua-cocos-studio-conversions.cpp" ..\manual\cocostudio\lua_cocos2dx_coco_studio_manual.cpp ..\manual\cocostudio\lua_cocos2dx_csloader_manual.cpp ..\manual\extension\lua_cocos2dx_extension_manual.cpp ..\manual\lua_module_register.cpp ..\manual\navmesh\lua_cocos2dx_navmesh_conversions.cpp ..\manual\navmesh\lua_cocos2dx_navmesh_manual.cpp ..\manual\network\Lua_web_socket.cpp ..\manual\network\lua_cocos2dx_network_manual.cpp ..\manual\network\lua_xml_http_request.cpp ..\manual\physics3d\lua_cocos2dx_physics3d_manual.cpp ..\manual\spine\LuaSkeletonAnimation.cpp ..\manual\spine\lua_cocos2dx_spine_manual.cpp ..\manual\tolua_fix.cpp ..\manual\ui\lua_cocos2dx_experimental_video_manual.cpp ..\manual\ui\lua_cocos2dx_experimental_webview_manual.cpp ..\manual\ui\lua_cocos2dx_ui_manual.cpp
         lua_cocos2dx_3d_auto.cpp
         lua_cocos2dx_audioengine_auto.cpp
         lua_cocos2dx_auto.cpp
         lua_cocos2dx_cocosbuilder_auto.cpp
         lua_cocos2dx_cocosdenshion_auto.cpp
         lua_cocos2dx_csloader_auto.cpp
         lua_cocos2dx_experimental_auto.cpp
         lua_cocos2dx_experimental_video_auto.cpp
         lua_cocos2dx_experimental_webview_auto.cpp
         lua_cocos2dx_extension_auto.cpp
         lua_cocos2dx_navmesh_auto.cpp
         lua_cocos2dx_physics3d_auto.cpp
         lua_cocos2dx_physics_auto.cpp
     1>..\auto\lua_cocos2dx_extension_auto.cpp(16000): warning C4083: expected '('; found identifier 'NO'
         lua_cocos2dx_spine_auto.cpp
         lua_cocos2dx_studio_auto.cpp
     1>f:\workspace\client\main_dev_1.1\newclient\new_client\frameworks\cocos2d-x\cocos\scripting\lua-bindings\auto\lua_cocos2dx_extension_auto.cpp(16007): warning C4700: uninitialized local variable 'arg0' used
         lua_cocos2dx_ui_auto.cpp
     1>..\auto\lua_cocos2dx_auto.cpp(196): warning C4083: expected '('; found identifier 'NO'
     1>..\auto\lua_cocos2dx_auto.cpp(201): warning C4083: expected '('; found identifier 'NO'
     1>..\auto\lua_cocos2dx_auto.cpp(218): warning C4083: expected '('; found identifier 'NO'
     1>..\auto\lua_cocos2dx_auto.cpp(362): warning C4083: expected '('; found identifier 'NO'
     1>..\auto\lua_cocos2dx_auto.cpp(371): warning C4083: expected '('; found identifier 'NO'
     1>..\auto\lua_cocos2dx_auto.cpp(387): warning C4083: expected '('; found identifier 'NO'
     1>..\auto\lua_cocos2dx_auto.cpp(536): warning C4083: expected '('; found identifier 'NO'
     1>..\auto\lua_cocos2dx_auto.cpp(673): warning C4083: expected '('; found identifier 'NO'
     1>..\auto\lua_cocos2dx_auto.cpp(13421): warning C4083: expected '('; found identifier 'NO'
     1>..\auto\lua_cocos2dx_navmesh_auto.cpp(521): warning C4083: expected '('; found identifier 'NO'
     1>..\auto\lua_cocos2dx_auto.cpp(13463): warning C4083: expected '('; found identifier 'NO'
     1>..\auto\lua_cocos2dx_navmesh_auto.cpp(1190): warning C4083: expected '('; found identifier 'NO'
     1>..\auto\lua_cocos2dx_3d_auto.cpp(90): warning C4083: expected '('; found identifier 'NO'
     1>..\auto\lua_cocos2dx_auto.cpp(21105): warning C4083: expected '('; found identifier 'NO'
     1>..\auto\lua_cocos2dx_auto.cpp(21126): warning C4083: expected '('; found identifier 'NO'
     1>..\auto\lua_cocos2dx_auto.cpp(22012): warning C4083: expected '('; found identifier 'NO'
     1>..\auto\lua_cocos2dx_auto.cpp(22159): warning C4083: expected '('; found identifier 'NO'
     1>..\auto\lua_cocos2dx_auto.cpp(22210): warning C4083: expected '('; found identifier 'NO'
     1>f:\workspace\client\main_dev_1.1\newclient\new_client\frameworks\cocos2d-x\external\bullet\bulletcollision\broadphasecollision\btDbvtBroadphase.h(62): warning C4099: 'btDbvtBroadphase' : type name first seen using 'class' now seen using 'struct' (..\auto\lua_cocos2dx_physics3d_auto.cpp)
                 F:\WorkSpace\Client\Main_dev_1.1\NewClient\new_client\frameworks\cocos2d-x\cocos\physics3d/CCPhysics3DWorld.h(39) : see declaration of 'btDbvtBroadphase'
     1>..\auto\lua_cocos2dx_3d_auto.cpp(5377): warning C4083: expected '('; found identifier 'NO'
     1>..\auto\lua_cocos2dx_3d_auto.cpp(5773): warning C4083: expected '('; found identifier 'NO'
     1>..\auto\lua_cocos2dx_3d_auto.cpp(6408): warning C4083: expected '('; found identifier 'NO'
     1>..\auto\lua_cocos2dx_3d_auto.cpp(6506): warning C4083: expected '('; found identifier 'NO'
     1>..\auto\lua_cocos2dx_3d_auto.cpp(6557): warning C4083: expected '('; found identifier 'NO'
     1>..\auto\lua_cocos2dx_3d_auto.cpp(6611): warning C4083: expected '('; found identifier 'NO'
     1>..\auto\lua_cocos2dx_auto.cpp(27921): warning C4083: expected '('; found identifier 'NO'
     1>..\auto\lua_cocos2dx_auto.cpp(28033): warning C4083: expected '('; found identifier 'NO'
     1>..\auto\lua_cocos2dx_auto.cpp(30535): warning C4083: expected '('; found identifier 'NO'
     1>..\auto\lua_cocos2dx_auto.cpp(35129): warning C4083: expected '('; found identifier 'NO'
     1>..\auto\lua_cocos2dx_physics3d_auto.cpp(591): warning C4083: expected '('; found identifier 'NO'
     1>..\auto\lua_cocos2dx_physics3d_auto.cpp(646): warning C4083: expected '('; found identifier 'NO'
     1>..\auto\lua_cocos2dx_physics3d_auto.cpp(934): warning C4083: expected '('; found identifier 'NO'
     1>..\auto\lua_cocos2dx_physics3d_auto.cpp(2140): warning C4083: expected '('; found identifier 'NO'
     1>..\auto\lua_cocos2dx_physics3d_auto.cpp(5179): warning C4083: expected '('; found identifier 'NO'
     1>..\auto\lua_cocos2dx_physics3d_auto.cpp(5554): warning C4083: expected '('; found identifier 'NO'
     1>..\auto\lua_cocos2dx_auto.cpp(82518): warning C4083: expected '('; found identifier 'NO'
     1>..\auto\lua_cocos2dx_auto.cpp(83652): warning C4083: expected '('; found identifier 'NO'
     1>..\auto\lua_cocos2dx_auto.cpp(83681): warning C4083: expected '('; found identifier 'NO'
     1>f:\workspace\client\main_dev_1.1\newclient\new_client\frameworks\cocos2d-x\cocos\scripting\lua-bindings\auto\lua_cocos2dx_navmesh_auto.cpp(1197): warning C4700: uninitialized local variable 'arg0' used
         lua_cocos2dx_3d_manual.cpp
     1>..\auto\lua_cocos2dx_auto.cpp(101436): warning C4083: expected '('; found identifier 'NO'
     1>f:\workspace\client\main_dev_1.1\newclient\new_client\frameworks\cocos2d-x\cocos\scripting\lua-bindings\auto\lua_cocos2dx_physics3d_auto.cpp(598): warning C4700: uninitialized local variable 'arg0' used
     1>f:\workspace\client\main_dev_1.1\newclient\new_client\frameworks\cocos2d-x\cocos\scripting\lua-bindings\auto\lua_cocos2dx_physics3d_auto.cpp(2147): warning C4700: uninitialized local variable 'arg0' used
     1>f:\workspace\client\main_dev_1.1\newclient\new_client\frameworks\cocos2d-x\cocos\scripting\lua-bindings\auto\lua_cocos2dx_physics3d_auto.cpp(5561): warning C4700: uninitialized local variable 'arg0' used
         CCComponentLua.cpp
     1>..\auto\lua_cocos2dx_ui_auto.cpp(4653): warning C4083: expected '('; found identifier 'NO'
     1>..\auto\lua_cocos2dx_ui_auto.cpp(6568): warning C4083: expected '('; found identifier 'NO'
     1>..\auto\lua_cocos2dx_ui_auto.cpp(6759): warning C4083: expected '('; found identifier 'NO'
     1>..\auto\lua_cocos2dx_ui_auto.cpp(7807): warning C4083: expected '('; found identifier 'NO'
     1>..\auto\lua_cocos2dx_ui_auto.cpp(8423): warning C4083: expected '('; found identifier 'NO'
     1>..\auto\lua_cocos2dx_ui_auto.cpp(8470): warning C4083: expected '('; found identifier 'NO'
     1>..\auto\lua_cocos2dx_ui_auto.cpp(8651): warning C4083: expected '('; found identifier 'NO'
     1>..\auto\lua_cocos2dx_ui_auto.cpp(8748): warning C4083: expected '('; found identifier 'NO'
     1>..\auto\lua_cocos2dx_ui_auto.cpp(9141): warning C4083: expected '('; found identifier 'NO'
     1>..\auto\lua_cocos2dx_ui_auto.cpp(11119): warning C4083: expected '('; found identifier 'NO'
     1>..\auto\lua_cocos2dx_ui_auto.cpp(13309): warning C4083: expected '('; found identifier 'NO'
     1>..\auto\lua_cocos2dx_ui_auto.cpp(13788): warning C4083: expected '('; found identifier 'NO'
     1>..\auto\lua_cocos2dx_ui_auto.cpp(19217): warning C4083: expected '('; found identifier 'NO'
     1>..\auto\lua_cocos2dx_ui_auto.cpp(19361): warning C4083: expected '('; found identifier 'NO'
     1>..\auto\lua_cocos2dx_ui_auto.cpp(19833): warning C4083: expected '('; found identifier 'NO'
     1>..\auto\lua_cocos2dx_ui_auto.cpp(20088): warning C4083: expected '('; found identifier 'NO'
     1>..\auto\lua_cocos2dx_ui_auto.cpp(20182): warning C4083: expected '('; found identifier 'NO'
     1>..\auto\lua_cocos2dx_ui_auto.cpp(23261): warning C4083: expected '('; found identifier 'NO'
     1>..\auto\lua_cocos2dx_ui_auto.cpp(31644): warning C4083: expected '('; found identifier 'NO'
     1>..\auto\lua_cocos2dx_ui_auto.cpp(31789): warning C4083: expected '('; found identifier 'NO'
     1>..\auto\lua_cocos2dx_ui_auto.cpp(32184): warning C4083: expected '('; found identifier 'NO'
     1>..\auto\lua_cocos2dx_ui_auto.cpp(32345): warning C4083: expected '('; found identifier 'NO'
     1>..\auto\lua_cocos2dx_physics_auto.cpp(4953): warning C4083: expected '('; found identifier 'NO'
     1>..\manual\3d\lua_cocos2dx_3d_manual.cpp(211): warning C4996: 'lua_cocos2dx_3d_Sprite3D_setBlendFunc01': was declared deprecated
                 ..\manual\3d\lua_cocos2dx_3d_manual.cpp(34) : see declaration of 'lua_cocos2dx_3d_Sprite3D_setBlendFunc01'
     1>..\auto\lua_cocos2dx_spine_auto.cpp(180): warning C4083: expected '('; found identifier 'NO'
     1>..\auto\lua_cocos2dx_spine_auto.cpp(196): warning C4083: expected '('; found identifier 'NO'
     1>..\auto\lua_cocos2dx_spine_auto.cpp(333): warning C4083: expected '('; found identifier 'NO'
     1>..\auto\lua_cocos2dx_spine_auto.cpp(350): warning C4083: expected '('; found identifier 'NO'
     1>..\auto\lua_cocos2dx_spine_auto.cpp(485): warning C4083: expected '('; found identifier 'NO'
     1>..\auto\lua_cocos2dx_spine_auto.cpp(502): warning C4083: expected '('; found identifier 'NO'
     1>..\auto\lua_cocos2dx_spine_auto.cpp(950): warning C4083: expected '('; found identifier 'NO'
     1>..\auto\lua_cocos2dx_spine_auto.cpp(1020): warning C4083: expected '('; found identifier 'NO'
     1>..\auto\lua_cocos2dx_spine_auto.cpp(1037): warning C4083: expected '('; found identifier 'NO'
     1>..\auto\lua_cocos2dx_spine_auto.cpp(1104): warning C4083: expected '('; found identifier 'NO'
     1>..\auto\lua_cocos2dx_spine_auto.cpp(1120): warning C4083: expected '('; found identifier 'NO'
     1>..\auto\lua_cocos2dx_spine_auto.cpp(1155): warning C4083: expected '('; found identifier 'NO'
     1>..\auto\lua_cocos2dx_spine_auto.cpp(1175): warning C4083: expected '('; found identifier 'NO'
     1>..\auto\lua_cocos2dx_spine_auto.cpp(1368): warning C4083: expected '('; found identifier 'NO'
     1>..\auto\lua_cocos2dx_spine_auto.cpp(1426): warning C4083: expected '('; found identifier 'NO'
     1>..\auto\lua_cocos2dx_spine_auto.cpp(1484): warning C4083: expected '('; found identifier 'NO'
     1>..\auto\lua_cocos2dx_spine_auto.cpp(1548): warning C4083: expected '('; found identifier 'NO'
     1>..\auto\lua_cocos2dx_spine_auto.cpp(1646): warning C4083: expected '('; found identifier 'NO'
     1>..\manual\3d\lua_cocos2dx_3d_manual.cpp(1852): warning C4018: '<=' : signed/unsigned mismatch
     1>..\manual\3d\lua_cocos2dx_3d_manual.cpp(1871): warning C4018: '<=' : signed/unsigned mismatch
     1>..\auto\lua_cocos2dx_spine_auto.cpp(2002): warning C4083: expected '('; found identifier 'NO'
     1>..\auto\lua_cocos2dx_spine_auto.cpp(2019): warning C4083: expected '('; found identifier 'NO'
     1>..\auto\lua_cocos2dx_spine_auto.cpp(2130): warning C4083: expected '('; found identifier 'NO'
     1>..\auto\lua_cocos2dx_spine_auto.cpp(2147): warning C4083: expected '('; found identifier 'NO'
     1>f:\workspace\client\main_dev_1.1\newclient\new_client\frameworks\cocos2d-x\cocos\scripting\lua-bindings\auto\lua_cocos2dx_3d_auto.cpp(6415): warning C4700: uninitialized local variable 'arg1' used
     1>f:\workspace\client\main_dev_1.1\newclient\new_client\frameworks\cocos2d-x\cocos\scripting\lua-bindings\auto\lua_cocos2dx_3d_auto.cpp(6618): warning C4700: uninitialized local variable 'arg1' used
         CCLuaBridge.cpp
         CCLuaEngine.cpp
         CCLuaStack.cpp
         CCLuaValue.cpp
         Cocos2dxLuaLoader.cpp
         LuaBasicConversions.cpp
     1>f:\workspace\client\main_dev_1.1\newclient\new_client\frameworks\cocos2d-x\cocos\scripting\lua-bindings\auto\lua_cocos2dx_auto.cpp(21109): warning C4700: uninitialized local variable 'arg2' used
     1>f:\workspace\client\main_dev_1.1\newclient\new_client\frameworks\cocos2d-x\cocos\scripting\lua-bindings\auto\lua_cocos2dx_auto.cpp(21130): warning C4700: uninitialized local variable 'arg2' used
     1>f:\workspace\client\main_dev_1.1\newclient\new_client\frameworks\cocos2d-x\cocos\scripting\lua-bindings\auto\lua_cocos2dx_auto.cpp(22166): warning C4700: uninitialized local variable 'arg0' used
     1>f:\workspace\client\main_dev_1.1\newclient\new_client\frameworks\cocos2d-x\cocos\scripting\lua-bindings\auto\lua_cocos2dx_auto.cpp(22021): warning C4700: uninitialized local variable 'arg0' used
     1>f:\workspace\client\main_dev_1.1\newclient\new_client\frameworks\cocos2d-x\cocos\scripting\lua-bindings\auto\lua_cocos2dx_auto.cpp(30542): warning C4700: uninitialized local variable 'arg1' used
     1>f:\workspace\client\main_dev_1.1\newclient\new_client\frameworks\cocos2d-x\cocos\scripting\lua-bindings\auto\lua_cocos2dx_auto.cpp(35136): warning C4700: uninitialized local variable 'arg1' used
         lua_cocos2dx_audioengine_manual.cpp
         LuaOpengl.cpp
         LuaScriptHandlerMgr.cpp
     1>f:\workspace\client\main_dev_1.1\newclient\new_client\frameworks\cocos2d-x\cocos\scripting\lua-bindings\auto\lua_cocos2dx_spine_auto.cpp(187): warning C4700: uninitialized local variable 'arg0' used
     1>f:\workspace\client\main_dev_1.1\newclient\new_client\frameworks\cocos2d-x\cocos\scripting\lua-bindings\auto\lua_cocos2dx_spine_auto.cpp(205): warning C4700: uninitialized local variable 'arg0' used
     1>f:\workspace\client\main_dev_1.1\newclient\new_client\frameworks\cocos2d-x\cocos\scripting\lua-bindings\auto\lua_cocos2dx_spine_auto.cpp(337): warning C4700: uninitialized local variable 'arg1' used
     1>f:\workspace\client\main_dev_1.1\newclient\new_client\frameworks\cocos2d-x\cocos\scripting\lua-bindings\auto\lua_cocos2dx_spine_auto.cpp(358): warning C4700: uninitialized local variable 'arg1' used
     1>f:\workspace\client\main_dev_1.1\newclient\new_client\frameworks\cocos2d-x\cocos\scripting\lua-bindings\auto\lua_cocos2dx_spine_auto.cpp(489): warning C4700: uninitialized local variable 'arg1' used
     1>f:\workspace\client\main_dev_1.1\newclient\new_client\frameworks\cocos2d-x\cocos\scripting\lua-bindings\auto\lua_cocos2dx_spine_auto.cpp(510): warning C4700: uninitialized local variable 'arg1' used
     1>f:\workspace\client\main_dev_1.1\newclient\new_client\frameworks\cocos2d-x\cocos\scripting\lua-bindings\auto\lua_cocos2dx_spine_auto.cpp(1023): warning C4700: uninitialized local variable 'arg1' used
     1>f:\workspace\client\main_dev_1.1\newclient\new_client\frameworks\cocos2d-x\cocos\scripting\lua-bindings\auto\lua_cocos2dx_spine_auto.cpp(1043): warning C4700: uninitialized local variable 'arg1' used
     1>f:\workspace\client\main_dev_1.1\newclient\new_client\frameworks\cocos2d-x\cocos\scripting\lua-bindings\auto\lua_cocos2dx_spine_auto.cpp(1381): warning C4700: uninitialized local variable 'arg0' used
     1>f:\workspace\client\main_dev_1.1\newclient\new_client\frameworks\cocos2d-x\cocos\scripting\lua-bindings\auto\lua_cocos2dx_spine_auto.cpp(1108): warning C4700: uninitialized local variable 'arg0' used
     1>f:\workspace\client\main_dev_1.1\newclient\new_client\frameworks\cocos2d-x\cocos\scripting\lua-bindings\auto\lua_cocos2dx_spine_auto.cpp(1128): warning C4700: uninitialized local variable 'arg0' used
     1>f:\workspace\client\main_dev_1.1\newclient\new_client\frameworks\cocos2d-x\cocos\scripting\lua-bindings\auto\lua_cocos2dx_spine_auto.cpp(1159): warning C4700: uninitialized local variable 'arg1' used
     1>f:\workspace\client\main_dev_1.1\newclient\new_client\frameworks\cocos2d-x\cocos\scripting\lua-bindings\auto\lua_cocos2dx_spine_auto.cpp(1183): warning C4700: uninitialized local variable 'arg1' used
     1>f:\workspace\client\main_dev_1.1\newclient\new_client\frameworks\cocos2d-x\cocos\scripting\lua-bindings\auto\lua_cocos2dx_spine_auto.cpp(1439): warning C4700: uninitialized local variable 'arg0' used
     1>f:\workspace\client\main_dev_1.1\newclient\new_client\frameworks\cocos2d-x\cocos\scripting\lua-bindings\auto\lua_cocos2dx_spine_auto.cpp(1497): warning C4700: uninitialized local variable 'arg0' used
     1>f:\workspace\client\main_dev_1.1\newclient\new_client\frameworks\cocos2d-x\cocos\scripting\lua-bindings\auto\lua_cocos2dx_spine_auto.cpp(1659): warning C4700: uninitialized local variable 'arg0' used
     1>f:\workspace\client\main_dev_1.1\newclient\new_client\frameworks\cocos2d-x\cocos\scripting\lua-bindings\auto\lua_cocos2dx_spine_auto.cpp(2005): warning C4700: uninitialized local variable 'arg1' used
     1>f:\workspace\client\main_dev_1.1\newclient\new_client\frameworks\cocos2d-x\cocos\scripting\lua-bindings\auto\lua_cocos2dx_spine_auto.cpp(2025): warning C4700: uninitialized local variable 'arg1' used
     1>f:\workspace\client\main_dev_1.1\newclient\new_client\frameworks\cocos2d-x\cocos\scripting\lua-bindings\auto\lua_cocos2dx_spine_auto.cpp(2133): warning C4700: uninitialized local variable 'arg1' used
     1>f:\workspace\client\main_dev_1.1\newclient\new_client\frameworks\cocos2d-x\cocos\scripting\lua-bindings\auto\lua_cocos2dx_spine_auto.cpp(2153): warning C4700: uninitialized local variable 'arg1' used
         lua_cocos2dx_deprecated.cpp
         lua_cocos2dx_experimental_manual.cpp
     1>..\manual\CCLuaStack.cpp(814): warning C4018: '<' : signed/unsigned mismatch
         lua_cocos2dx_manual.cpp
         lua_cocos2dx_physics_manual.cpp
         CCBProxy.cpp
     1>..\manual\cocos2d\LuaOpengl.cpp(4435): warning C4996: 'cocos2d::DrawPrimitives::drawPoint': was declared deprecated
                 F:\WorkSpace\Client\Main_dev_1.1\NewClient\new_client\frameworks\cocos2d-x\cocos\2d/CCDrawingPrimitives.h(100) : see declaration of 'cocos2d::DrawPrimitives::drawPoint'
     1>..\manual\cocos2d\LuaOpengl.cpp(4470): warning C4018: '<' : signed/unsigned mismatch
     1>..\manual\cocos2d\LuaOpengl.cpp(4488): warning C4996: 'cocos2d::DrawPrimitives::drawPoints': was declared deprecated
                 F:\WorkSpace\Client\Main_dev_1.1\NewClient\new_client\frameworks\cocos2d-x\cocos\2d/CCDrawingPrimitives.h(108) : see declaration of 'cocos2d::DrawPrimitives::drawPoints'
     1>..\manual\cocos2d\LuaOpengl.cpp(4523): warning C4996: 'cocos2d::DrawPrimitives::drawLine': was declared deprecated
                 F:\WorkSpace\Client\Main_dev_1.1\NewClient\new_client\frameworks\cocos2d-x\cocos\2d/CCDrawingPrimitives.h(115) : see declaration of 'cocos2d::DrawPrimitives::drawLine'
     1>..\manual\cocos2d\LuaOpengl.cpp(4556): warning C4996: 'cocos2d::DrawPrimitives::drawRect': was declared deprecated
                 F:\WorkSpace\Client\Main_dev_1.1\NewClient\new_client\frameworks\cocos2d-x\cocos\2d/CCDrawingPrimitives.h(123) : see declaration of 'cocos2d::DrawPrimitives::drawRect'
     1>..\manual\cocos2d\LuaOpengl.cpp(4596): warning C4996: 'cocos2d::DrawPrimitives::drawSolidRect': was declared deprecated
                 F:\WorkSpace\Client\Main_dev_1.1\NewClient\new_client\frameworks\cocos2d-x\cocos\2d/CCDrawingPrimitives.h(133) : see declaration of 'cocos2d::DrawPrimitives::drawSolidRect'
     1>..\manual\cocos2d\LuaOpengl.cpp(4632): warning C4018: '<' : signed/unsigned mismatch
     1>..\manual\cocos2d\LuaOpengl.cpp(4650): warning C4996: 'cocos2d::DrawPrimitives::drawPoly': was declared deprecated
                 F:\WorkSpace\Client\Main_dev_1.1\NewClient\new_client\frameworks\cocos2d-x\cocos\2d/CCDrawingPrimitives.h(142) : see declaration of 'cocos2d::DrawPrimitives::drawPoly'
     1>..\manual\cocos2d\LuaOpengl.cpp(4686): warning C4018: '<' : signed/unsigned mismatch
     1>..\manual\cocos2d\LuaOpengl.cpp(4712): warning C4996: 'cocos2d::DrawPrimitives::drawSolidPoly': was declared deprecated
                 F:\WorkSpace\Client\Main_dev_1.1\NewClient\new_client\frameworks\cocos2d-x\cocos\2d/CCDrawingPrimitives.h(150) : see declaration of 'cocos2d::DrawPrimitives::drawSolidPoly'
     1>..\manual\cocos2d\LuaOpengl.cpp(4756): warning C4996: 'cocos2d::DrawPrimitives::drawCircle': was declared deprecated
                 F:\WorkSpace\Client\Main_dev_1.1\NewClient\new_client\frameworks\cocos2d-x\cocos\2d/CCDrawingPrimitives.h(162) : see declaration of 'cocos2d::DrawPrimitives::drawCircle'
     1>..\manual\cocos2d\LuaOpengl.cpp(4794): warning C4996: 'cocos2d::DrawPrimitives::drawSolidCircle': was declared deprecated
                 F:\WorkSpace\Client\Main_dev_1.1\NewClient\new_client\frameworks\cocos2d-x\cocos\2d/CCDrawingPrimitives.h(183) : see declaration of 'cocos2d::DrawPrimitives::drawSolidCircle'
     1>..\manual\cocos2d\LuaOpengl.cpp(4836): warning C4996: 'cocos2d::DrawPrimitives::drawQuadBezier': was declared deprecated
                 F:\WorkSpace\Client\Main_dev_1.1\NewClient\new_client\frameworks\cocos2d-x\cocos\2d/CCDrawingPrimitives.h(203) : see declaration of 'cocos2d::DrawPrimitives::drawQuadBezier'
     1>..\manual\cocos2d\LuaOpengl.cpp(4883): warning C4996: 'cocos2d::DrawPrimitives::drawCubicBezier': was declared deprecated
                 F:\WorkSpace\Client\Main_dev_1.1\NewClient\new_client\frameworks\cocos2d-x\cocos\2d/CCDrawingPrimitives.h(215) : see declaration of 'cocos2d::DrawPrimitives::drawCubicBezier'
     1>..\manual\cocos2d\LuaOpengl.cpp(4929): warning C4996: 'cocos2d::DrawPrimitives::drawCatmullRom': was declared deprecated
                 F:\WorkSpace\Client\Main_dev_1.1\NewClient\new_client\frameworks\cocos2d-x\cocos\2d/CCDrawingPrimitives.h(224) : see declaration of 'cocos2d::DrawPrimitives::drawCatmullRom'
     1>..\manual\cocos2d\LuaOpengl.cpp(4975): warning C4996: 'cocos2d::DrawPrimitives::drawCardinalSpline': was declared deprecated
                 F:\WorkSpace\Client\Main_dev_1.1\NewClient\new_client\frameworks\cocos2d-x\cocos\2d/CCDrawingPrimitives.h(234) : see declaration of 'cocos2d::DrawPrimitives::drawCardinalSpline'
     1>..\manual\cocos2d\LuaOpengl.cpp(5007): warning C4996: 'cocos2d::DrawPrimitives::setDrawColor4B': was declared deprecated
                 F:\WorkSpace\Client\Main_dev_1.1\NewClient\new_client\frameworks\cocos2d-x\cocos\2d/CCDrawingPrimitives.h(245) : see declaration of 'cocos2d::DrawPrimitives::setDrawColor4B'
     1>..\manual\cocos2d\LuaOpengl.cpp(5039): warning C4996: 'cocos2d::DrawPrimitives::setDrawColor4F': was declared deprecated
                 F:\WorkSpace\Client\Main_dev_1.1\NewClient\new_client\frameworks\cocos2d-x\cocos\2d/CCDrawingPrimitives.h(256) : see declaration of 'cocos2d::DrawPrimitives::setDrawColor4F'
     1>..\manual\cocos2d\LuaOpengl.cpp(5065): warning C4996: 'cocos2d::DrawPrimitives::setPointSize': was declared deprecated
                 F:\WorkSpace\Client\Main_dev_1.1\NewClient\new_client\frameworks\cocos2d-x\cocos\2d/CCDrawingPrimitives.h(263) : see declaration of 'cocos2d::DrawPrimitives::setPointSize'
     1>..\manual\cocos2d\LuaOpengl.cpp(5090): warning C4996: 'tolua_cocos2d_DrawPrimitives_drawPoint00': was declared deprecated
                 ..\manual\cocos2d\LuaOpengl.cpp(4421) : see declaration of 'tolua_cocos2d_DrawPrimitives_drawPoint00'
     1>..\manual\cocos2d\LuaOpengl.cpp(5091): warning C4996: 'tolua_cocos2d_DrawPrimitives_drawPoints00': was declared deprecated
                 ..\manual\cocos2d\LuaOpengl.cpp(4449) : see declaration of 'tolua_cocos2d_DrawPrimitives_drawPoints00'
     1>..\manual\cocos2d\LuaOpengl.cpp(5092): warning C4996: 'tolua_cocos2d_DrawPrimitives_drawLine00': was declared deprecated
                 ..\manual\cocos2d\LuaOpengl.cpp(4503) : see declaration of 'tolua_cocos2d_DrawPrimitives_drawLine00'
     1>..\manual\cocos2d\LuaOpengl.cpp(5093): warning C4996: 'tolua_cocos2d_DrawPrimitives_drawRect00': was declared deprecated
                 ..\manual\cocos2d\LuaOpengl.cpp(4536) : see declaration of 'tolua_cocos2d_DrawPrimitives_drawRect00'
     1>..\manual\cocos2d\LuaOpengl.cpp(5094): warning C4996: 'tolua_cocos2d_DrawPrimitives_drawSolidRect00': was declared deprecated
                 ..\manual\cocos2d\LuaOpengl.cpp(4569) : see declaration of 'tolua_cocos2d_DrawPrimitives_drawSolidRect00'
     1>..\manual\cocos2d\LuaOpengl.cpp(5095): warning C4996: 'tolua_cocos2d_DrawPrimitives_drawPoly00': was declared deprecated
                 ..\manual\cocos2d\LuaOpengl.cpp(4609) : see declaration of 'tolua_cocos2d_DrawPrimitives_drawPoly00'
     1>..\manual\cocos2d\LuaOpengl.cpp(5096): warning C4996: 'tolua_cocos2d_DrawPrimitives_drawSolidPoly00': was declared deprecated
                 ..\manual\cocos2d\LuaOpengl.cpp(4665) : see declaration of 'tolua_cocos2d_DrawPrimitives_drawSolidPoly00'
     1>..\manual\cocos2d\LuaOpengl.cpp(5097): warning C4996: 'tolua_cocos2d_DrawPrimitives_drawCircle00': was declared deprecated
                 ..\manual\cocos2d\LuaOpengl.cpp(4727) : see declaration of 'tolua_cocos2d_DrawPrimitives_drawCircle00'
     1>..\manual\cocos2d\LuaOpengl.cpp(5098): warning C4996: 'tolua_cocos2d_DrawPrimitives_drawSolidCircle00': was declared deprecated
                 ..\manual\cocos2d\LuaOpengl.cpp(4769) : see declaration of 'tolua_cocos2d_DrawPrimitives_drawSolidCircle00'
     1>..\manual\cocos2d\LuaOpengl.cpp(5099): warning C4996: 'tolua_cocos2d_DrawPrimitives_drawQuadBezier00': was declared deprecated
                 ..\manual\cocos2d\LuaOpengl.cpp(4808) : see declaration of 'tolua_cocos2d_DrawPrimitives_drawQuadBezier00'
     1>..\manual\cocos2d\LuaOpengl.cpp(5100): warning C4996: 'tolua_cocos2d_DrawPrimitives_drawCubicBezier00': was declared deprecated
                 ..\manual\cocos2d\LuaOpengl.cpp(4849) : see declaration of 'tolua_cocos2d_DrawPrimitives_drawCubicBezier00'
     1>..\manual\cocos2d\LuaOpengl.cpp(5101): warning C4996: 'tolua_cocos2d_DrawPrimitives_drawCatmullRom00': was declared deprecated
                 ..\manual\cocos2d\LuaOpengl.cpp(4896) : see declaration of 'tolua_cocos2d_DrawPrimitives_drawCatmullRom00'
     1>..\manual\cocos2d\LuaOpengl.cpp(5102): warning C4996: 'tolua_cocos2d_DrawPrimitives_drawCardinalSpline00': was declared deprecated
                 ..\manual\cocos2d\LuaOpengl.cpp(4942) : see declaration of 'tolua_cocos2d_DrawPrimitives_drawCardinalSpline00'
     1>..\manual\cocos2d\LuaOpengl.cpp(5103): warning C4996: 'tolua_cocos2d_DrawPrimitives_drawColor4B00': was declared deprecated
                 ..\manual\cocos2d\LuaOpengl.cpp(4988) : see declaration of 'tolua_cocos2d_DrawPrimitives_drawColor4B00'
     1>..\manual\cocos2d\LuaOpengl.cpp(5104): warning C4996: 'tolua_cocos2d_DrawPrimitives_drawColor4F00': was declared deprecated
                 ..\manual\cocos2d\LuaOpengl.cpp(5020) : see declaration of 'tolua_cocos2d_DrawPrimitives_drawColor4F00'
     1>..\manual\cocos2d\LuaOpengl.cpp(5105): warning C4996: 'tolua_cocos2d_DrawPrimitives_setPointSize00': was declared deprecated
                 ..\manual\cocos2d\LuaOpengl.cpp(5052) : see declaration of 'tolua_cocos2d_DrawPrimitives_setPointSize00'
         lua_cocos2dx_cocosbuilder_manual.cpp
         lua_cocos2dx_cocosdenshion_manual.cpp
         CustomGUIReader.cpp
     1>..\manual\cocos2d\lua_cocos2dx_deprecated.cpp(1530): warning C4018: '<' : signed/unsigned mismatch
         lua-cocos-studio-conversions.cpp
     1>..\manual\cocos2d\lua_cocos2dx_manual.cpp(301): warning C4018: '<=' : signed/unsigned mismatch
     1>..\manual\cocos2d\lua_cocos2dx_manual.cpp(450): warning C4018: '<' : signed/unsigned mismatch
     1>..\manual\cocos2d\lua_cocos2dx_manual.cpp(1783): warning C4018: '<=' : signed/unsigned mismatch
     1>..\manual\cocos2d\lua_cocos2dx_manual.cpp(2591): warning C4018: '<=' : signed/unsigned mismatch
     1>..\manual\cocos2d\lua_cocos2dx_manual.cpp(2986): warning C4018: '<' : signed/unsigned mismatch
     1>..\manual\cocos2d\lua_cocos2dx_manual.cpp(3072): warning C4018: '<' : signed/unsigned mismatch
     1>..\manual\cocos2d\lua_cocos2dx_manual.cpp(3151): warning C4018: '<' : signed/unsigned mismatch
     1>..\manual\cocos2d\lua_cocos2dx_manual.cpp(3359): warning C4018: '<' : signed/unsigned mismatch
     1>..\manual\cocos2d\lua_cocos2dx_manual.cpp(3399): warning C4018: '<' : signed/unsigned mismatch
     1>..\manual\cocos2d\lua_cocos2dx_manual.cpp(4012): warning C4018: '<=' : signed/unsigned mismatch
     1>..\manual\cocos2d\lua_cocos2dx_manual.cpp(4086): warning C4018: '<=' : signed/unsigned mismatch
     1>..\manual\cocos2d\lua_cocos2dx_manual.cpp(4161): warning C4018: '<=' : signed/unsigned mismatch
     1>..\manual\cocos2d\lua_cocos2dx_manual.cpp(4234): warning C4018: '<=' : signed/unsigned mismatch
     1>..\manual\cocos2d\lua_cocos2dx_manual.cpp(4309): warning C4018: '<=' : signed/unsigned mismatch
     1>..\manual\cocos2d\lua_cocos2dx_manual.cpp(5066): warning C4996: 'tolua_cocos2dx_DrawNode_setBlendFunc01': was declared deprecated
                 ..\manual\cocos2d\lua_cocos2dx_manual.cpp(3578) : see declaration of 'tolua_cocos2dx_DrawNode_setBlendFunc01'
     1>..\manual\cocos2d\lua_cocos2dx_manual.cpp(5253): warning C4996: 'tolua_cocos2dx_Sprite_setBlendFunc01': was declared deprecated
                 ..\manual\cocos2d\lua_cocos2dx_manual.cpp(3487) : see declaration of 'tolua_cocos2dx_Sprite_setBlendFunc01'
     1>..\manual\cocos2d\lua_cocos2dx_manual.cpp(5268): warning C4996: 'tolua_cocos2dx_LayerColor_setBlendFunc01': was declared deprecated
                 ..\manual\cocos2d\lua_cocos2dx_manual.cpp(3552) : see declaration of 'tolua_cocos2dx_LayerColor_setBlendFunc01'
     1>..\manual\cocos2d\lua_cocos2dx_manual.cpp(5294): warning C4996: 'tolua_cocos2dx_ParticleSystem_setBlendFunc01': was declared deprecated
                 ..\manual\cocos2d\lua_cocos2dx_manual.cpp(3565) : see declaration of 'tolua_cocos2dx_ParticleSystem_setBlendFunc01'
     1>..\manual\cocos2d\lua_cocos2dx_manual.cpp(5337): warning C4996: 'tolua_cocos2dx_SpriteBatchNode_setBlendFunc01': was declared deprecated
                 ..\manual\cocos2d\lua_cocos2dx_manual.cpp(3500) : see declaration of 'tolua_cocos2dx_SpriteBatchNode_setBlendFunc01'
     1>..\manual\cocos2d\lua_cocos2dx_manual.cpp(5350): warning C4996: 'tolua_cocos2dx_MotionStreak_setBlendFunc01': was declared deprecated
                 ..\manual\cocos2d\lua_cocos2dx_manual.cpp(3513) : see declaration of 'tolua_cocos2dx_MotionStreak_setBlendFunc01'
     1>..\manual\cocos2d\lua_cocos2dx_manual.cpp(5363): warning C4996: 'tolua_cocos2dx_AtlasNode_setBlendFunc01': was declared deprecated
                 ..\manual\cocos2d\lua_cocos2dx_manual.cpp(3526) : see declaration of 'tolua_cocos2dx_AtlasNode_setBlendFunc01'
     1>..\manual\cocos2d\lua_cocos2dx_manual.cpp(5376): warning C4996: 'tolua_cocos2dx_ParticleBatchNode_setBlendFunc01': was declared deprecated
                 ..\manual\cocos2d\lua_cocos2dx_manual.cpp(3539) : see declaration of 'tolua_cocos2dx_ParticleBatchNode_setBlendFunc01'
         lua_cocos2dx_coco_studio_manual.cpp
     1>..\manual\cocos2d\lua_cocos2dx_manual.cpp(7193): warning C4018: '<=' : signed/unsigned mismatch
         lua_cocos2dx_csloader_manual.cpp
         lua_cocos2dx_extension_manual.cpp
         lua_module_register.cpp
         lua_cocos2dx_navmesh_conversions.cpp
         lua_cocos2dx_navmesh_manual.cpp
         Lua_web_socket.cpp
         lua_cocos2dx_network_manual.cpp
         lua_xml_http_request.cpp
         lua_cocos2dx_physics3d_manual.cpp
     1>..\manual\cocostudio\lua_cocos2dx_coco_studio_manual.cpp(386): warning C4996: 'cocostudio::Bone::getIgnoreMovementBoneData': was declared deprecated
                 F:\WorkSpace\Client\Main_dev_1.1\NewClient\new_client\frameworks\cocos2d-x\cocos\editor-support/cocostudio/CCBone.h(194) : see declaration of 'cocostudio::Bone::getIgnoreMovementBoneData'
                 F:\WorkSpace\Client\Main_dev_1.1\NewClient\new_client\frameworks\cocos2d-x\cocos\editor-support/cocostudio/CCBone.h(194) : see declaration of 'cocostudio::Bone::getIgnoreMovementBoneData'
         LuaSkeletonAnimation.cpp
         lua_cocos2dx_spine_manual.cpp
     1>..\manual\network\lua_xml_http_request.cpp(313): warning C4102: 'tolua_lerror' : unreferenced label
     1>..\manual\network\lua_xml_http_request.cpp(694): warning C4018: '<' : signed/unsigned mismatch
         tolua_fix.cpp
         lua_cocos2dx_experimental_video_manual.cpp
         lua_cocos2dx_experimental_webview_manual.cpp
         lua_cocos2dx_ui_manual.cpp
     1>f:\workspace\client\main_dev_1.1\newclient\new_client\frameworks\cocos2d-x\external\bullet\bulletcollision\broadphasecollision\btDbvtBroadphase.h(62): warning C4099: 'btDbvtBroadphase' : type name first seen using 'class' now seen using 'struct' (..\manual\physics3d\lua_cocos2dx_physics3d_manual.cpp)
                 F:\WorkSpace\Client\Main_dev_1.1\NewClient\new_client\frameworks\cocos2d-x\cocos\physics3d/CCPhysics3DWorld.h(39) : see declaration of 'btDbvtBroadphase'
     1>..\manual\spine\lua_cocos2dx_spine_manual.cpp(478): warning C4996: 'tolua_spine_SkeletoneAnimation_setBlendFunc': was declared deprecated
                 ..\manual\spine\lua_cocos2dx_spine_manual.cpp(325) : see declaration of 'tolua_spine_SkeletoneAnimation_setBlendFunc'
       Lib:
         E:\ProgramFiles\VS2013\VC\bin\Lib.exe /OUT:"F:\WorkSpace\Client\Main_dev_1.1\NewClient\new_client\frameworks\runtime-src\proj.win32\Debug.win32\libluacocos2d.lib" /NOLOGO Debug.win32\libluacocos2d\auxiliar.obj
         Debug.win32\libluacocos2d\buffer.obj
         Debug.win32\libluacocos2d\except.obj
         Debug.win32\libluacocos2d\inet.obj
         Debug.win32\libluacocos2d\io.obj
         Debug.win32\libluacocos2d\luasocket.obj
         Debug.win32\libluacocos2d\luasocket_scripts.obj
         Debug.win32\libluacocos2d\mime.obj
         Debug.win32\libluacocos2d\options.obj
         Debug.win32\libluacocos2d\select.obj
         Debug.win32\libluacocos2d\tcp.obj
         Debug.win32\libluacocos2d\timeout.obj
         Debug.win32\libluacocos2d\udp.obj
         Debug.win32\libluacocos2d\wsocket.obj
         Debug.win32\libluacocos2d\tolua_event.obj
         Debug.win32\libluacocos2d\tolua_is.obj
         Debug.win32\libluacocos2d\tolua_map.obj
         Debug.win32\libluacocos2d\tolua_push.obj
         Debug.win32\libluacocos2d\tolua_to.obj
         Debug.win32\libluacocos2d\xxtea.obj
         Debug.win32\libluacocos2d\lua_cocos2dx_3d_auto.obj
         Debug.win32\libluacocos2d\lua_cocos2dx_audioengine_auto.obj
         Debug.win32\libluacocos2d\lua_cocos2dx_auto.obj
         Debug.win32\libluacocos2d\lua_cocos2dx_cocosbuilder_auto.obj
         Debug.win32\libluacocos2d\lua_cocos2dx_cocosdenshion_auto.obj
         Debug.win32\libluacocos2d\lua_cocos2dx_csloader_auto.obj
         Debug.win32\libluacocos2d\lua_cocos2dx_experimental_auto.obj
         Debug.win32\libluacocos2d\lua_cocos2dx_experimental_video_auto.obj
         Debug.win32\libluacocos2d\lua_cocos2dx_experimental_webview_auto.obj
         Debug.win32\libluacocos2d\lua_cocos2dx_extension_auto.obj
         Debug.win32\libluacocos2d\lua_cocos2dx_navmesh_auto.obj
         Debug.win32\libluacocos2d\lua_cocos2dx_physics3d_auto.obj
         Debug.win32\libluacocos2d\lua_cocos2dx_physics_auto.obj
         Debug.win32\libluacocos2d\lua_cocos2dx_spine_auto.obj
         Debug.win32\libluacocos2d\lua_cocos2dx_studio_auto.obj
         Debug.win32\libluacocos2d\lua_cocos2dx_ui_auto.obj
         Debug.win32\libluacocos2d\lua_cocos2dx_3d_manual.obj
         Debug.win32\libluacocos2d\lua_cocos2dx_audioengine_manual.obj
         Debug.win32\libluacocos2d\CCLuaBridge.obj
         Debug.win32\libluacocos2d\CCLuaEngine.obj
         Debug.win32\libluacocos2d\CCLuaStack.obj
         Debug.win32\libluacocos2d\CCLuaValue.obj
         Debug.win32\libluacocos2d\Cocos2dxLuaLoader.obj
         Debug.win32\libluacocos2d\LuaOpengl.obj
         Debug.win32\libluacocos2d\LuaScriptHandlerMgr.obj
         Debug.win32\libluacocos2d\CCComponentLua.obj
         Debug.win32\libluacocos2d\lua_cocos2dx_deprecated.obj
         Debug.win32\libluacocos2d\lua_cocos2dx_experimental_manual.obj
         Debug.win32\libluacocos2d\lua_cocos2dx_manual.obj
         Debug.win32\libluacocos2d\lua_cocos2dx_physics_manual.obj
         Debug.win32\libluacocos2d\CCBProxy.obj
         Debug.win32\libluacocos2d\lua_cocos2dx_cocosbuilder_manual.obj
         Debug.win32\libluacocos2d\lua_cocos2dx_cocosdenshion_manual.obj
         Debug.win32\libluacocos2d\CustomGUIReader.obj
         "Debug.win32\libluacocos2d\lua-cocos-studio-conversions.obj"
         Debug.win32\libluacocos2d\lua_cocos2dx_coco_studio_manual.obj
         Debug.win32\libluacocos2d\lua_cocos2dx_csloader_manual.obj
         Debug.win32\libluacocos2d\lua_cocos2dx_extension_manual.obj
         Debug.win32\libluacocos2d\LuaBasicConversions.obj
         Debug.win32\libluacocos2d\lua_module_register.obj
         Debug.win32\libluacocos2d\lua_cocos2dx_navmesh_conversions.obj
         Debug.win32\libluacocos2d\lua_cocos2dx_navmesh_manual.obj
         Debug.win32\libluacocos2d\lua_cocos2dx_network_manual.obj
         Debug.win32\libluacocos2d\lua_extensions.obj
         Debug.win32\libluacocos2d\Lua_web_socket.obj
         Debug.win32\libluacocos2d\lua_xml_http_request.obj
         Debug.win32\libluacocos2d\lua_cocos2dx_physics3d_manual.obj
         Debug.win32\libluacocos2d\LuaSkeletonAnimation.obj
         Debug.win32\libluacocos2d\lua_cocos2dx_spine_manual.obj
         Debug.win32\libluacocos2d\tolua_fix.obj
         Debug.win32\libluacocos2d\lua_cocos2dx_experimental_video_manual.obj
         Debug.win32\libluacocos2d\lua_cocos2dx_experimental_webview_manual.obj
         Debug.win32\libluacocos2d\lua_cocos2dx_ui_manual.obj
         libluacocos2d.vcxproj -> F:\WorkSpace\Client\Main_dev_1.1\NewClient\new_client\frameworks\runtime-src\proj.win32\Debug.win32\libluacocos2d.lib
     1>Done Building Project "F:\WorkSpace\Client\Main_dev_1.1\NewClient\new_client\frameworks\cocos2d-x\cocos\scripting\lua-bindings\proj.win32\libluacocos2d.vcxproj" (Build target(s)).

Build succeeded.

Time Elapsed 00:00:21.15
