Build started 2017/4/10 10:06:48.
     1>Project "F:\WorkSpace\Client\Main_dev_1.1\NewClient\new_client\frameworks\cocos2d-x\cocos\editor-support\spine\proj.win32\libSpine.vcxproj" on node 2 (Build target(s)).
     1>ClCompile:
         E:\ProgramFiles\VS2013\VC\bin\CL.exe /c /I"F:\WorkSpace\Client\Main_dev_1.1\NewClient\new_client\frameworks\cocos2d-x\cocos\2d\..\..\\" /I"F:\WorkSpace\Client\Main_dev_1.1\NewClient\new_client\frameworks\cocos2d-x\cocos\2d\..\..\cocos\editor-support" /I"F:\WorkSpace\Client\Main_dev_1.1\NewClient\new_client\frameworks\cocos2d-x\cocos\2d\..\..\extensions" /I"F:\WorkSpace\Client\Main_dev_1.1\NewClient\new_client\frameworks\cocos2d-x\cocos\2d\..\..\cocos" /I"F:\WorkSpace\Client\Main_dev_1.1\NewClient\new_client\frameworks\cocos2d-x\cocos\2d\..\..\cocos/editor-support" /I"F:\WorkSpace\Client\Main_dev_1.1\NewClient\new_client\frameworks\cocos2d-x\cocos\2d\..\..\external\glfw3\include\win32" /I"F:\WorkSpace\Client\Main_dev_1.1\NewClient\new_client\frameworks\cocos2d-x\cocos\2d\..\..\external\win32-specific\gles\include\OGLES" /I"F:\WorkSpace\Client\Main_dev_1.1\NewClient\new_client\frameworks\cocos2d-x\cocos\2d\..\..\external\freetype2\include\win32\freetype2" /I"F:\WorkSpace\Client\Main_dev_1.1\NewClient\new_client\frameworks\cocos2d-x\cocos\2d\..\..\external\freetype2\include\win32\\" /I"F:\WorkSpace\Client\Main_dev_1.1\NewClient\new_client\frameworks\cocos2d-x\cocos\2d\..\..\external" /ZI /nologo /W3 /WX- /MP /Od /Oy- /D WIN32 /D _DEBUG /D _WINDOWS /D _LIB /D COCOS2DXWIN32_EXPORTS /D GL_GLEXT_PROTOTYPES /D COCOS2D_DEBUG=1 /D _CRT_SECURE_NO_WARNINGS /D _SCL_SECURE_NO_WARNINGS /D _VARIADIC_MAX=10 /D _USING_V110_SDK71_ /D _UNICODE /D UNICODE /Gm- /EHsc /RTC1 /MDd /GS /fp:precise /Zc:wchar_t /Zc:forScope /Fo"Debug.win32\\" /Fd"Debug.win32\vc120.pdb" /Gd /TC /wd4267 /wd4251 /wd4244 /analyze- /errorReport:prompt ..\Atlas.c ..\SkeletonBinary.c ..\SkeletonJson.c ..\VertexAttachment.c
         Atlas.c
         SkeletonBinary.c
         SkeletonJson.c
         VertexAttachment.c
     1>f:\workspace\client\main_dev_1.1\newclient\new_client\frameworks\cocos2d-x\cocos\editor-support\spine\skeletonbinary.c(295): warning C4018: '<' : signed/unsigned mismatch
     1>f:\workspace\client\main_dev_1.1\newclient\new_client\frameworks\cocos2d-x\cocos\editor-support\spine\skeletonbinary.c(358): warning C4018: '<' : signed/unsigned mismatch
     1>f:\workspace\client\main_dev_1.1\newclient\new_client\frameworks\cocos2d-x\cocos\editor-support\spine\skeletonbinary.c(470): warning C4018: '<' : signed/unsigned mismatch
         E:\ProgramFiles\VS2013\VC\bin\CL.exe /c /I"F:\WorkSpace\Client\Main_dev_1.1\NewClient\new_client\frameworks\cocos2d-x\cocos\2d\..\..\\" /I"F:\WorkSpace\Client\Main_dev_1.1\NewClient\new_client\frameworks\cocos2d-x\cocos\2d\..\..\cocos\editor-support" /I"F:\WorkSpace\Client\Main_dev_1.1\NewClient\new_client\frameworks\cocos2d-x\cocos\2d\..\..\extensions" /I"F:\WorkSpace\Client\Main_dev_1.1\NewClient\new_client\frameworks\cocos2d-x\cocos\2d\..\..\cocos" /I"F:\WorkSpace\Client\Main_dev_1.1\NewClient\new_client\frameworks\cocos2d-x\cocos\2d\..\..\cocos/editor-support" /I"F:\WorkSpace\Client\Main_dev_1.1\NewClient\new_client\frameworks\cocos2d-x\cocos\2d\..\..\external\glfw3\include\win32" /I"F:\WorkSpace\Client\Main_dev_1.1\NewClient\new_client\frameworks\cocos2d-x\cocos\2d\..\..\external\win32-specific\gles\include\OGLES" /I"F:\WorkSpace\Client\Main_dev_1.1\NewClient\new_client\frameworks\cocos2d-x\cocos\2d\..\..\external\freetype2\include\win32\freetype2" /I"F:\WorkSpace\Client\Main_dev_1.1\NewClient\new_client\frameworks\cocos2d-x\cocos\2d\..\..\external\freetype2\include\win32\\" /I"F:\WorkSpace\Client\Main_dev_1.1\NewClient\new_client\frameworks\cocos2d-x\cocos\2d\..\..\external" /ZI /nologo /W3 /WX- /MP /Od /Oy- /D WIN32 /D _DEBUG /D _WINDOWS /D _LIB /D COCOS2DXWIN32_EXPORTS /D GL_GLEXT_PROTOTYPES /D COCOS2D_DEBUG=1 /D _CRT_SECURE_NO_WARNINGS /D _SCL_SECURE_NO_WARNINGS /D _VARIADIC_MAX=10 /D _USING_V110_SDK71_ /D _UNICODE /D UNICODE /Gm- /EHsc /RTC1 /MDd /GS /fp:precise /Zc:wchar_t /Zc:forScope /Fo"Debug.win32\\" /Fd"Debug.win32\vc120.pdb" /Gd /TP /wd4267 /wd4251 /wd4244 /analyze- /errorReport:prompt ..\AttachmentVertices.cpp ..\Cocos2dAttachmentLoader.cpp ..\SkeletonAnimation.cpp ..\SkeletonBatch.cpp ..\SkeletonRenderer.cpp "..\spine-cocos2dx.cpp"
         AttachmentVertices.cpp
         Cocos2dAttachmentLoader.cpp
         SkeletonAnimation.cpp
         SkeletonBatch.cpp
         SkeletonRenderer.cpp
         spine-cocos2dx.cpp
     1>f:\workspace\client\main_dev_1.1\newclient\new_client\frameworks\cocos2d-x\cocos\editor-support\spine\skeletonbatch.cpp(96): warning C4996: 'cocos2d::TrianglesCommand::init': was declared deprecated
                 f:\workspace\client\main_dev_1.1\newclient\new_client\frameworks\cocos2d-x\cocos\renderer\cctrianglescommand.h(73) : see declaration of 'cocos2d::TrianglesCommand::init'
       Lib:
         E:\ProgramFiles\VS2013\VC\bin\Lib.exe /OUT:"F:\WorkSpace\Client\Main_dev_1.1\NewClient\new_client\frameworks\runtime-src\proj.win32\Debug.win32\libSpine.lib" /NOLOGO Debug.win32\Animation.obj
         Debug.win32\AnimationState.obj
         Debug.win32\AnimationStateData.obj
         Debug.win32\Atlas.obj
         Debug.win32\AtlasAttachmentLoader.obj
         Debug.win32\Attachment.obj
         Debug.win32\AttachmentLoader.obj
         Debug.win32\AttachmentVertices.obj
         Debug.win32\Bone.obj
         Debug.win32\BoneData.obj
         Debug.win32\BoundingBoxAttachment.obj
         Debug.win32\Cocos2dAttachmentLoader.obj
         Debug.win32\Event.obj
         Debug.win32\EventData.obj
         Debug.win32\extension.obj
         Debug.win32\IkConstraint.obj
         Debug.win32\IkConstraintData.obj
         Debug.win32\Json.obj
         Debug.win32\MeshAttachment.obj
         Debug.win32\PathAttachment.obj
         Debug.win32\PathConstraint.obj
         Debug.win32\PathConstraintData.obj
         Debug.win32\RegionAttachment.obj
         Debug.win32\Skeleton.obj
         Debug.win32\SkeletonAnimation.obj
         Debug.win32\SkeletonBatch.obj
         Debug.win32\SkeletonBinary.obj
         Debug.win32\SkeletonBounds.obj
         Debug.win32\SkeletonData.obj
         Debug.win32\SkeletonJson.obj
         Debug.win32\SkeletonRenderer.obj
         Debug.win32\Skin.obj
         Debug.win32\Slot.obj
         Debug.win32\SlotData.obj
         "Debug.win32\spine-cocos2dx.obj"
         Debug.win32\TransformConstraint.obj
         Debug.win32\TransformConstraintData.obj
         Debug.win32\VertexAttachment.obj
         libSpine.vcxproj -> F:\WorkSpace\Client\Main_dev_1.1\NewClient\new_client\frameworks\runtime-src\proj.win32\Debug.win32\libSpine.lib
     1>Done Building Project "F:\WorkSpace\Client\Main_dev_1.1\NewClient\new_client\frameworks\cocos2d-x\cocos\editor-support\spine\proj.win32\libSpine.vcxproj" (Build target(s)).

Build succeeded.

Time Elapsed 00:00:20.61
